d:\development\-prc-es-3\prc3\assignment8\x64\debug\vc140.pdb
d:\development\-prc-es-3\prc3\assignment8\x64\debug\vc140.idb
d:\development\-prc-es-3\prc3\assignment8\x64\debug\main.obj
d:\development\-prc-es-3\prc3\assignment8\x64\debug\scan.obj
d:\development\-prc-es-3\prc3\assignment8\x64\debug\scanlist.obj
d:\development\-prc-es-3\prc3\assignment8\x64\debug\assignment4test.obj
d:\development\-prc-es-3\prc3\assignment8\x64\debug\gtest-all.obj
d:\development\-prc-es-3\prc3\assignment8\x64\debug\gtest.obj
d:\development\-prc-es-3\prc3\assignment8\x64\debug\scanlisttest.obj
d:\development\-prc-es-3\prc3\assignment8\x64\debug\scantest.obj
d:\development\-prc-es-3\prc3\assignment8\x64\debug\assignment8.ilk
d:\development\-prc-es-3\prc3\assignment8\x64\debug\assignment8.exe
d:\development\-prc-es-3\prc3\assignment8\x64\debug\assignment8.pdb
d:\development\-prc-es-3\prc3\assignment8\x64\debug\assignment8.tlog\cl.command.1.tlog
d:\development\-prc-es-3\prc3\assignment8\x64\debug\assignment8.tlog\cl.read.1.tlog
d:\development\-prc-es-3\prc3\assignment8\x64\debug\assignment8.tlog\cl.write.1.tlog
d:\development\-prc-es-3\prc3\assignment8\x64\debug\assignment8.tlog\link.6316-cvtres.read.1.tlog
d:\development\-prc-es-3\prc3\assignment8\x64\debug\assignment8.tlog\link.6316-cvtres.write.1.tlog
d:\development\-prc-es-3\prc3\assignment8\x64\debug\assignment8.tlog\link.6316-rc.read.1.tlog
d:\development\-prc-es-3\prc3\assignment8\x64\debug\assignment8.tlog\link.6316-rc.write.1.tlog
d:\development\-prc-es-3\prc3\assignment8\x64\debug\assignment8.tlog\link.6316.read.1.tlog
d:\development\-prc-es-3\prc3\assignment8\x64\debug\assignment8.tlog\link.6316.write.1.tlog
d:\development\-prc-es-3\prc3\assignment8\x64\debug\assignment8.tlog\link.command.1.tlog
d:\development\-prc-es-3\prc3\assignment8\x64\debug\assignment8.tlog\link.read.1.tlog
d:\development\-prc-es-3\prc3\assignment8\x64\debug\assignment8.tlog\link.write.1.tlog
